============= DPX RAWcook script START ============= - 2023-07-07 - 09:43:07
Checking for files that failed RAWcooked due to large reversibility files - 2023-07-07 - 09:43:07
============= DPX RAWcook script START ============= - 2023-07-07 - 09:53:12
Checking for files that failed RAWcooked due to large reversibility files - 2023-07-07 - 09:53:12
============= DPX RAWcook script START ============= - 2023-07-07 - 09:53:45
Checking for files that failed RAWcooked due to large reversibility files - 2023-07-07 - 09:53:45
============= DPX RAWcook script START ============= - 2023-07-07 - 09:57:01
Checking for files that failed RAWcooked due to large reversibility files - 2023-07-07 - 09:57:01
============= DPX RAWcook script START ============= - 2023-07-07 - 09:57:17
Checking for files that failed RAWcooked due to large reversibility files - 2023-07-07 - 09:57:17
============= DPX RAWcook script START ============= - 2023-07-07 - 09:58:02
Checking for files that failed RAWcooked due to large reversibility files - 2023-07-07 - 09:58:02
DPX folder will be cooked using --output-version 2: - 2023-07-07 - 09:58:02
============= DPX RAWcook script START ============= - 2023-07-07 - 10:04:42
Checking for files that failed RAWcooked due to large reversibility files - 2023-07-07 - 10:04:42
============= DPX RAWcook script START ============= - 2023-07-07 - 10:07:35
Checking for files that failed RAWcooked due to large reversibility files - 2023-07-07 - 10:07:35
============= DPX RAWcook script START ============= - 2023-07-07 - 10:09:14
Checking for files that failed RAWcooked due to large reversibility files - 2023-07-07 - 10:09:14
============= DPX RAWcook script START ============= - 2023-07-07 - 10:56:24
Checking for files that failed RAWcooked due to large reversibility files - 2023-07-07 - 10:56:24
DPX folder will be cooked using --output-version 2: - 2023-07-07 - 10:56:24
============= DPX RAWcook script START ============= - 2023-07-07 - 13:14:09
Checking for files that failed RAWcooked due to large reversibility files - 2023-07-07 - 13:14:09
DPX folder will be cooked using --output-version 2: - 2023-07-07 - 13:14:09
Outputting files from DPX_PATH to list, if not already queued - 2023-07-07 - 13:14:09
============= DPX RAWcook script START ============= - 2023-07-07 - 13:14:52
Checking for files that failed RAWcooked due to large reversibility files - 2023-07-07 - 13:14:52
============= DPX RAWcook script START ============= - 2023-07-07 - 13:16:23
Checking for files that failed RAWcooked due to large reversibility files - 2023-07-07 - 13:16:23
DPX folder will be cooked using --output-version 2: - 2023-07-07 - 13:16:23
Outputting files from DPX_PATH to list, if not already queued - 2023-07-07 - 13:16:23
============= DPX RAWcook script START ============= - 2023-07-07 - 13:22:00
Checking for files that failed RAWcooked due to large reversibility files - 2023-07-07 - 13:22:00
============= DPX RAWcook script START ============= - 2023-07-07 - 13:22:32
Checking for files that failed RAWcooked due to large reversibility files - 2023-07-07 - 13:22:32
DPX folder will be cooked using --output-version 2: - 2023-07-07 - 13:22:32
Outputting files from DPX_PATH to list, if not already queued - 2023-07-07 - 13:22:32
DPX folder will be cooked: - 2023-07-07 - 13:22:32
===================== DPX RAWcook ENDED ===================== - 2023-07-07 - 13:22:32
============= DPX RAWcook script START ============= - 2023-07-07 - 13:38:19
Checking for files that failed RAWcooked due to large reversibility files - 2023-07-07 - 13:38:19
============= DPX RAWcook script START ============= - 2023-07-07 - 13:38:36
Checking for files that failed RAWcooked due to large reversibility files - 2023-07-07 - 13:38:36
DPX folder will be cooked using --output-version 2: - 2023-07-07 - 13:38:36
Outputting files from DPX_PATH to list, if not already queued - 2023-07-07 - 13:38:36
DPX folder will be cooked: - 2023-07-07 - 13:38:36
===================== DPX RAWcook ENDED ===================== - 2023-07-07 - 13:38:36
============= DPX RAWcook script START ============= - 2023-07-07 - 13:40:23
Checking for files that failed RAWcooked due to large reversibility files - 2023-07-07 - 13:40:23
DPX folder will be cooked using --output-version 2: - 2023-07-07 - 13:40:23
Outputting files from DPX_PATH to list, if not already queued - 2023-07-07 - 13:40:23
DPX folder will be cooked: - 2023-07-07 - 13:40:23
===================== DPX RAWcook ENDED ===================== - 2023-07-07 - 13:40:23
============= DPX RAWcook script START ============= - 2023-07-07 - 13:41:50
Checking for files that failed RAWcooked due to large reversibility files - 2023-07-07 - 13:41:50
DPX folder will be cooked using --output-version 2: - 2023-07-07 - 13:41:50
Outputting files from DPX_PATH to list, if not already queued - 2023-07-07 - 13:41:50
DPX folder will be cooked: - 2023-07-07 - 13:41:50
===================== DPX RAWcook ENDED ===================== - 2023-07-07 - 13:41:50
============= DPX RAWcook script START ============= - 2023-07-07 - 13:42:05
Checking for files that failed RAWcooked due to large reversibility files - 2023-07-07 - 13:42:05
DPX folder will be cooked using --output-version 2: - 2023-07-07 - 13:42:05
Outputting files from DPX_PATH to list, if not already queued - 2023-07-07 - 13:42:05
DPX folder will be cooked: - 2023-07-07 - 13:42:05
===================== DPX RAWcook ENDED ===================== - 2023-07-07 - 13:42:05
============= DPX RAWcook script START ============= - 2023-07-07 - 13:42:22
Checking for files that failed RAWcooked due to large reversibility files - 2023-07-07 - 13:42:22
DPX folder will be cooked using --output-version 2: - 2023-07-07 - 13:42:22
Outputting files from DPX_PATH to list, if not already queued - 2023-07-07 - 13:42:22
DPX folder will be cooked: - 2023-07-07 - 13:42:22
===================== DPX RAWcook ENDED ===================== - 2023-07-07 - 13:42:22
============= DPX RAWcook script START ============= - 2023-07-07 - 13:42:49
Checking for files that failed RAWcooked due to large reversibility files - 2023-07-07 - 13:42:49
DPX folder will be cooked using --output-version 2: - 2023-07-07 - 13:42:49
Outputting files from DPX_PATH to list, if not already queued - 2023-07-07 - 13:42:49
DPX folder will be cooked: - 2023-07-07 - 13:42:49
===================== DPX RAWcook ENDED ===================== - 2023-07-07 - 13:42:49
============= DPX RAWcook script START ============= - 2023-07-10 - 13:42:53
Checking for files that failed RAWcooked due to large reversibility files - 2023-07-10 - 13:42:53
DPX folder will be cooked using --output-version 2: - 2023-07-10 - 13:42:53
Outputting files from DPX_PATH to list, if not already queued - 2023-07-10 - 13:42:53
DPX folder will be cooked: - 2023-07-10 - 13:42:53
===================== DPX RAWcook ENDED ===================== - 2023-07-10 - 13:42:53
============= DPX RAWcook script START ============= - 2023-07-11 - 09:07:33
Checking for files that failed RAWcooked due to large reversibility files - 2023-07-11 - 09:07:33
DPX folder will be cooked using --output-version 2: - 2023-07-11 - 09:07:33
Outputting files from DPX_PATH to list, if not already queued - 2023-07-11 - 09:07:33
DPX folder will be cooked: - 2023-07-11 - 09:07:33
===================== DPX RAWcook ENDED ===================== - 2023-07-11 - 09:07:33
============= DPX RAWcook script START ============= - 2023-07-11 - 09:13:54
Checking for files that failed RAWcooked due to large reversibility files - 2023-07-11 - 09:13:54
DPX folder will be cooked using --output-version 2: - 2023-07-11 - 09:13:54
Outputting files from DPX_PATH to list, if not already queued - 2023-07-11 - 09:13:54
DPX folder will be cooked: - 2023-07-11 - 09:13:54
===================== DPX RAWcook ENDED ===================== - 2023-07-11 - 09:13:54
============= DPX RAWcook script START ============= - 2023-07-11 - 09:14:16
Checking for files that failed RAWcooked due to large reversibility files - 2023-07-11 - 09:14:16
DPX folder will be cooked using --output-version 2: - 2023-07-11 - 09:14:16
Outputting files from DPX_PATH to list, if not already queued - 2023-07-11 - 09:14:16
DPX folder will be cooked: - 2023-07-11 - 09:14:16
===================== DPX RAWcook ENDED ===================== - 2023-07-11 - 09:14:16
============= DPX RAWcook script START ============= - 2023-07-11 - 09:15:20
Checking for files that failed RAWcooked due to large reversibility files - 2023-07-11 - 09:15:20
DPX folder will be cooked using --output-version 2: - 2023-07-11 - 09:15:20
Outputting files from DPX_PATH to list, if not already queued - 2023-07-11 - 09:15:20
============= DPX RAWcook script START ============= - 2023-07-11 - 09:15:27
Checking for files that failed RAWcooked due to large reversibility files - 2023-07-11 - 09:15:27
DPX folder will be cooked using --output-version 2: - 2023-07-11 - 09:15:27
Outputting files from DPX_PATH to list, if not already queued - 2023-07-11 - 09:15:27
DPX folder will be cooked: - 2023-07-11 - 09:15:27
===================== DPX RAWcook ENDED ===================== - 2023-07-11 - 09:15:27
============= DPX RAWcook script START ============= - 2023-07-11 - 09:15:50
Checking for files that failed RAWcooked due to large reversibility files - 2023-07-11 - 09:15:50
DPX folder will be cooked using --output-version 2: - 2023-07-11 - 09:15:50
Outputting files from DPX_PATH to list, if not already queued - 2023-07-11 - 09:15:50
DPX folder will be cooked: - 2023-07-11 - 09:15:50
===================== DPX RAWcook ENDED ===================== - 2023-07-11 - 09:15:50
============= DPX RAWcook script START ============= - 2023-07-11 - 09:16:07
Checking for files that failed RAWcooked due to large reversibility files - 2023-07-11 - 09:16:07
DPX folder will be cooked using --output-version 2: - 2023-07-11 - 09:16:07
Outputting files from DPX_PATH to list, if not already queued - 2023-07-11 - 09:16:07
DPX folder will be cooked: - 2023-07-11 - 09:16:07
===================== DPX RAWcook ENDED ===================== - 2023-07-11 - 09:16:07
============= DPX RAWcook script START ============= - 2023-07-11 - 09:16:36
Checking for files that failed RAWcooked due to large reversibility files - 2023-07-11 - 09:16:36
DPX folder will be cooked using --output-version 2: - 2023-07-11 - 09:16:36
Outputting files from DPX_PATH to list, if not already queued - 2023-07-11 - 09:16:36
============= DPX RAWcook script START ============= - 2023-07-11 - 09:17:14
Checking for files that failed RAWcooked due to large reversibility files - 2023-07-11 - 09:17:14
DPX folder will be cooked using --output-version 2: - 2023-07-11 - 09:17:14
Outputting files from DPX_PATH to list, if not already queued - 2023-07-11 - 09:17:14
DPX folder will be cooked: - 2023-07-11 - 09:17:14
============= DPX RAWcook script START ============= - 2023-07-11 - 09:17:51
Checking for files that failed RAWcooked due to large reversibility files - 2023-07-11 - 09:17:51
DPX folder will be cooked using --output-version 2: - 2023-07-11 - 09:17:51
Outputting files from DPX_PATH to list, if not already queued - 2023-07-11 - 09:17:51
DPX folder will be cooked: - 2023-07-11 - 09:17:51
============= DPX RAWcook script START ============= - 2023-07-11 - 09:18:06
Checking for files that failed RAWcooked due to large reversibility files - 2023-07-11 - 09:18:06
DPX folder will be cooked using --output-version 2: - 2023-07-11 - 09:18:06
Outputting files from DPX_PATH to list, if not already queued - 2023-07-11 - 09:18:06
DPX folder will be cooked: - 2023-07-11 - 09:18:06
============= DPX RAWcook script START ============= - 2023-07-11 - 09:18:34
Checking for files that failed RAWcooked due to large reversibility files - 2023-07-11 - 09:18:34
DPX folder will be cooked using --output-version 2: - 2023-07-11 - 09:18:34
Outputting files from DPX_PATH to list, if not already queued - 2023-07-11 - 09:18:34
DPX folder will be cooked: - 2023-07-11 - 09:18:34
============= DPX RAWcook script START ============= - 2023-07-11 - 09:19:23
Checking for files that failed RAWcooked due to large reversibility files - 2023-07-11 - 09:19:23
DPX folder will be cooked using --output-version 2: - 2023-07-11 - 09:19:23
Outputting files from DPX_PATH to list, if not already queued - 2023-07-11 - 09:19:23
DPX folder will be cooked: - 2023-07-11 - 09:19:23
============= DPX RAWcook script START ============= - 2023-07-11 - 09:19:42
Checking for files that failed RAWcooked due to large reversibility files - 2023-07-11 - 09:19:42
DPX folder will be cooked using --output-version 2: - 2023-07-11 - 09:19:42
Outputting files from DPX_PATH to list, if not already queued - 2023-07-11 - 09:19:42
DPX folder will be cooked: - 2023-07-11 - 09:19:42
============= DPX RAWcook script START ============= - 2023-07-11 - 09:21:05
Checking for files that failed RAWcooked due to large reversibility files - 2023-07-11 - 09:21:05
DPX folder will be cooked using --output-version 2: - 2023-07-11 - 09:21:05
Outputting files from DPX_PATH to list, if not already queued - 2023-07-11 - 09:21:05
DPX folder will be cooked: - 2023-07-11 - 09:21:05
N_036test_01of01 - 2023-07-11 - 09:21:05
===================== DPX RAWcook ENDED ===================== - 2023-07-11 - 09:21:05
============= DPX RAWcook script START ============= - 2023-07-11 - 09:21:56
Checking for files that failed RAWcooked due to large reversibility files - 2023-07-11 - 09:21:56
DPX folder will be cooked using --output-version 2: - 2023-07-11 - 09:21:56
Outputting files from DPX_PATH to list, if not already queued - 2023-07-11 - 09:21:56
DPX folder will be cooked: - 2023-07-11 - 09:21:56
N_036test_01of01 - 2023-07-11 - 09:21:56
===================== DPX RAWcook ENDED ===================== - 2023-07-11 - 09:21:56
============= DPX RAWcook script START ============= - 2023-07-11 - 09:22:45
Checking for files that failed RAWcooked due to large reversibility files - 2023-07-11 - 09:22:45
DPX folder will be cooked using --output-version 2: - 2023-07-11 - 09:22:45
Outputting files from DPX_PATH to list, if not already queued - 2023-07-11 - 09:22:45
DPX folder will be cooked: - 2023-07-11 - 09:22:45
N_036test_01of01 - 2023-07-11 - 09:22:45
===================== DPX RAWcook ENDED ===================== - 2023-07-11 - 09:22:45
============= DPX RAWcook script START ============= - 2023-07-11 - 09:25:51
Checking for files that failed RAWcooked due to large reversibility files - 2023-07-11 - 09:25:51
DPX folder will be cooked using --output-version 2: - 2023-07-11 - 09:25:51
Outputting files from DPX_PATH to list, if not already queued - 2023-07-11 - 09:25:51
DPX folder will be cooked: - 2023-07-11 - 09:25:51
N_036test_01of01 - 2023-07-11 - 09:25:51
===================== DPX RAWcook ENDED ===================== - 2023-07-11 - 09:25:51
============= DPX RAWcook script START ============= - 2023-07-11 - 09:26:18
Checking for files that failed RAWcooked due to large reversibility files - 2023-07-11 - 09:26:18
DPX folder will be cooked using --output-version 2: - 2023-07-11 - 09:26:18
Outputting files from DPX_PATH to list, if not already queued - 2023-07-11 - 09:26:18
DPX folder will be cooked: - 2023-07-11 - 09:26:18
N_036test_01of01 - 2023-07-11 - 09:26:18
===================== DPX RAWcook ENDED ===================== - 2023-07-11 - 09:26:18
============= DPX RAWcook script START ============= - 2023-07-11 - 09:27:23
Checking for files that failed RAWcooked due to large reversibility files - 2023-07-11 - 09:27:23
DPX folder will be cooked using --output-version 2: - 2023-07-11 - 09:27:23
Outputting files from DPX_PATH to list, if not already queued - 2023-07-11 - 09:27:23
DPX folder will be cooked: - 2023-07-11 - 09:27:23
N_036test_01of01 - 2023-07-11 - 09:27:23
===================== DPX RAWcook ENDED ===================== - 2023-07-11 - 09:27:23
