2023-06-28 15:42:52,006	INFO	==================== END Python3 DPX splitting script END ====================
2023-06-28 15:42:52,006	INFO	================== START Python3 DPX splitting script START ==================
2023-06-28 15:42:52,007	INFO	No splitting necessary for: /home/saiprasa/Desktop/rawcooked-usc-dr/media/encoding/dpx_to_assess/N_036test_01of01
Moving to encoding path for rawcooked
2023-06-28 15:42:52,007	INFO	Moving DPX sequence to RAWcooked path: N_036test_01of01
2023-06-28 15:42:52,875	INFO	Move N_036test_01of01 to RAWcooked encoding path: /home/saiprasa/Desktop/rawcooked-usc-dr/automation_dpx/encoding/rawcooked/dpx_to_cook/
2023-06-28 15:42:52,875	INFO	Script exiting
2023-06-28 15:42:52,875	INFO	==================== END Python3 DPX splitting script END ====================
2023-07-07 09:41:09,637	INFO	==================== END Python3 DPX splitting script END ====================
2023-07-07 09:41:09,638	INFO	================== START Python3 DPX splitting script START ==================
2023-07-07 09:41:09,638	INFO	No splitting necessary for: /home/saiprasa/Desktop/rawcooked-usc-dr/media/encoding/dpx_to_assess/N_036test_01of01
Moving to encoding path for rawcooked
2023-07-07 09:41:09,638	INFO	Moving DPX sequence to RAWcooked path: N_036test_01of01
2023-07-07 09:41:10,531	INFO	Move N_036test_01of01 to RAWcooked encoding path: /home/saiprasa/Desktop/rawcooked-usc-dr/automation_dpx/encoding/rawcooked/dpx_to_cook/
2023-07-07 09:41:10,531	INFO	Script exiting
2023-07-07 09:41:10,531	INFO	==================== END Python3 DPX splitting script END ====================
2023-07-10 13:42:21,869	INFO	==================== END Python3 DPX splitting script END ====================
2023-07-10 13:42:21,870	INFO	================== START Python3 DPX splitting script START ==================
2023-07-10 13:42:21,870	INFO	No splitting necessary for: /home/saiprasa/Desktop/rawcooked-usc-dr/media/encoding/dpx_to_assess/N_036test_01of01
Moving to encoding path for rawcooked
2023-07-10 13:42:21,870	INFO	Moving DPX sequence to RAWcooked path: N_036test_01of01
2023-07-10 13:42:21,871	INFO	Move N_036test_01of01 to RAWcooked encoding path: /home/saiprasa/Desktop/rawcooked-usc-dr/automation_dpx/encoding/rawcooked/dpx_to_cook/
2023-07-10 13:42:21,871	INFO	Script exiting
2023-07-10 13:42:21,871	INFO	==================== END Python3 DPX splitting script END ====================
2023-09-21 11:31:30,430	INFO	==================== END Python3 DPX splitting script END ====================
2023-09-21 11:31:30,458	INFO	================== START Python3 DPX splitting script START ==================
2023-09-21 11:31:30,459	INFO	No splitting necessary for: /home/tnandi/Desktop/rawcooked_usc-dr/media/encoding/dpx_to_assess/N_036test_01of01
Moving to encoding path for rawcooked
2023-09-21 11:31:30,459	INFO	Moving DPX sequence to RAWcooked path: N_036test_01of01
2023-09-21 11:31:30,459	INFO	Move N_036test_01of01 to RAWcooked encoding path: /home/tnandi/Desktop/rawcooked_usc-dr/automation_dpx/encoding/rawcooked/dpx_to_cook/
2023-09-21 11:31:30,459	INFO	Script exiting
2023-09-21 11:31:30,459	INFO	==================== END Python3 DPX splitting script END ====================
2023-09-21 11:39:46,750	INFO	==================== END Python3 DPX splitting script END ====================
2023-09-21 11:39:46,758	INFO	================== START Python3 DPX splitting script START ==================
2023-09-21 11:39:46,759	INFO	No splitting necessary for: /home/tnandi/Desktop/rawcooked_usc-dr/media/encoding/dpx_to_assess/N_036test_01of01
Moving to encoding path for rawcooked
2023-09-21 11:39:46,759	INFO	Moving DPX sequence to RAWcooked path: N_036test_01of01
2023-09-21 11:39:46,759	INFO	Move N_036test_01of01 to RAWcooked encoding path: /home/tnandi/Desktop/rawcooked_usc-dr/automation_dpx/encoding/rawcooked/dpx_to_cook/
2023-09-21 11:39:46,759	INFO	Script exiting
2023-09-21 11:39:46,759	INFO	==================== END Python3 DPX splitting script END ====================
