<<<<<<< HEAD
============= DPX RAWcook script START ============= - 2023-09-21 - 11:33:04
Checking for files that failed RAWcooked due to large reversibility files - 2023-09-21 - 11:33:04
DPX folder will be cooked using --output-version 2: - 2023-09-21 - 11:33:04
Outputting files from DPX_PATH to list, if not already queued - 2023-09-21 - 11:33:04
DPX folder will be cooked: - 2023-09-21 - 11:33:04
N_036test_01of01 - 2023-09-21 - 11:33:04
===================== DPX RAWcook ENDED ===================== - 2023-09-21 - 11:33:04
============= DPX RAWcook script START ============= - 2023-09-21 - 11:40:55
Checking for files that failed RAWcooked due to large reversibility files - 2023-09-21 - 11:40:55
DPX folder will be cooked using --output-version 2: - 2023-09-21 - 11:40:55
Outputting files from DPX_PATH to list, if not already queued - 2023-09-21 - 11:40:55
DPX folder will be cooked: - 2023-09-21 - 11:40:55
N_036test_01of01 - 2023-09-21 - 11:40:55
===================== DPX RAWcook ENDED ===================== - 2023-09-21 - 11:40:55
=======
============= DPX RAWcook script START ============= - 2023-10-03 - 11:12:21
Checking for files that failed RAWcooked due to large reversibility files - 2023-10-03 - 11:12:21
DPX folder will be cooked using --output-version 2: - 2023-10-03 - 11:12:21
Outputting files from DPX_PATH to list, if not already queued - 2023-10-03 - 11:12:21
DPX folder will be cooked: - 2023-10-03 - 11:12:21
N_036test_01of01 - 2023-10-03 - 11:12:21
===================== DPX RAWcook ENDED ===================== - 2023-10-03 - 11:12:21
============= DPX RAWcook script START ============= - 2023-10-03 - 11:15:36
Checking for files that failed RAWcooked due to large reversibility files - 2023-10-03 - 11:15:36
DPX folder will be cooked using --output-version 2: - 2023-10-03 - 11:15:36
Outputting files from DPX_PATH to list, if not already queued - 2023-10-03 - 11:15:36
DPX folder will be cooked: - 2023-10-03 - 11:15:36
N_036test_01of01 - 2023-10-03 - 11:15:36
===================== DPX RAWcook ENDED ===================== - 2023-10-03 - 11:15:36
============= DPX RAWcook script START ============= - 2023-10-03 - 11:15:40
Checking for files that failed RAWcooked due to large reversibility files - 2023-10-03 - 11:15:40
DPX folder will be cooked using --output-version 2: - 2023-10-03 - 11:15:40
Outputting files from DPX_PATH to list, if not already queued - 2023-10-03 - 11:15:40
DPX folder will be cooked: - 2023-10-03 - 11:15:40
N_036test_01of01 - 2023-10-03 - 11:15:40
===================== DPX RAWcook ENDED ===================== - 2023-10-03 - 11:15:40
============= DPX RAWcook script START ============= - 2023-10-03 - 12:32:50
Checking for files that failed RAWcooked due to large reversibility files - 2023-10-03 - 12:32:50
DPX folder will be cooked using --output-version 2: - 2023-10-03 - 12:32:50
Outputting files from DPX_PATH to list, if not already queued - 2023-10-03 - 12:32:50
DPX folder will be cooked: - 2023-10-03 - 12:32:50
N_036test_01of01 - 2023-10-03 - 12:32:50
===================== DPX RAWcook ENDED ===================== - 2023-10-03 - 12:32:50
============= DPX RAWcook script START ============= - 2023-10-03 - 12:33:43
Checking for files that failed RAWcooked due to large reversibility files - 2023-10-03 - 12:33:43
DPX folder will be cooked using --output-version 2: - 2023-10-03 - 12:33:43
Outputting files from DPX_PATH to list, if not already queued - 2023-10-03 - 12:33:43
DPX folder will be cooked: - 2023-10-03 - 12:33:43
N_036test_01of01 - 2023-10-03 - 12:33:43
===================== DPX RAWcook ENDED ===================== - 2023-10-03 - 12:33:43
============= DPX RAWcook script START ============= - 2023-10-03 - 13:21:04
Checking for files that failed RAWcooked due to large reversibility files - 2023-10-03 - 13:21:04
DPX folder will be cooked using --output-version 2: - 2023-10-03 - 13:21:04
Outputting files from DPX_PATH to list, if not already queued - 2023-10-03 - 13:21:04
DPX folder will be cooked: - 2023-10-03 - 13:21:04
N_036test_01of01 - 2023-10-03 - 13:21:04
===================== DPX RAWcook ENDED ===================== - 2023-10-03 - 13:21:04
============= DPX RAWcook script START ============= - 2023-10-03 - 13:22:20
Checking for files that failed RAWcooked due to large reversibility files - 2023-10-03 - 13:22:20
DPX folder will be cooked using --output-version 2: - 2023-10-03 - 13:22:20
Outputting files from DPX_PATH to list, if not already queued - 2023-10-03 - 13:22:20
DPX folder will be cooked: - 2023-10-03 - 13:22:20
N_036test_01of01 - 2023-10-03 - 13:22:20
===================== DPX RAWcook ENDED ===================== - 2023-10-03 - 13:22:20
============= DPX RAWcook script START ============= - 2023-10-03 - 13:22:25
Checking for files that failed RAWcooked due to large reversibility files - 2023-10-03 - 13:22:25
DPX folder will be cooked using --output-version 2: - 2023-10-03 - 13:22:25
Outputting files from DPX_PATH to list, if not already queued - 2023-10-03 - 13:22:25
DPX folder will be cooked: - 2023-10-03 - 13:22:25
N_036test_01of01 - 2023-10-03 - 13:22:25
===================== DPX RAWcook ENDED ===================== - 2023-10-03 - 13:22:25
============= DPX RAWcook script START ============= - 2023-10-03 - 13:22:33
Checking for files that failed RAWcooked due to large reversibility files - 2023-10-03 - 13:22:33
DPX folder will be cooked using --output-version 2: - 2023-10-03 - 13:22:33
Outputting files from DPX_PATH to list, if not already queued - 2023-10-03 - 13:22:33
DPX folder will be cooked: - 2023-10-03 - 13:22:33
N_036test_01of01 - 2023-10-03 - 13:22:33
===================== DPX RAWcook ENDED ===================== - 2023-10-03 - 13:22:33
============= DPX RAWcook script START ============= - 2023-10-03 - 13:26:01
Checking for files that failed RAWcooked due to large reversibility files - 2023-10-03 - 13:26:01
DPX folder will be cooked using --output-version 2: - 2023-10-03 - 13:26:01
Outputting files from DPX_PATH to list, if not already queued - 2023-10-03 - 13:26:01
DPX folder will be cooked: - 2023-10-03 - 13:26:01
N_036test_01of01 - 2023-10-03 - 13:26:01
===================== DPX RAWcook ENDED ===================== - 2023-10-03 - 13:26:01
============= DPX RAWcook script START ============= - 2023-10-03 - 13:33:46
Checking for files that failed RAWcooked due to large reversibility files - 2023-10-03 - 13:33:46
DPX folder will be cooked using --output-version 2: - 2023-10-03 - 13:33:46
Outputting files from DPX_PATH to list, if not already queued - 2023-10-03 - 13:33:46
DPX folder will be cooked: - 2023-10-03 - 13:33:46
N_036test_01of01 - 2023-10-03 - 13:33:46
===================== DPX RAWcook ENDED ===================== - 2023-10-03 - 13:33:46
============= DPX RAWcook script START ============= - 2023-10-03 - 13:47:34
Checking for files that failed RAWcooked due to large reversibility files - 2023-10-03 - 13:47:34
DPX folder will be cooked using --output-version 2: - 2023-10-03 - 13:47:34
Outputting files from DPX_PATH to list, if not already queued - 2023-10-03 - 13:47:34
DPX folder will be cooked: - 2023-10-03 - 13:47:34
 - 2023-10-03 - 13:47:34
===================== DPX RAWcook ENDED ===================== - 2023-10-03 - 13:47:34
============= DPX RAWcook script START ============= - 2023-10-03 - 13:49:23
Checking for files that failed RAWcooked due to large reversibility files - 2023-10-03 - 13:49:23
DPX folder will be cooked using --output-version 2: - 2023-10-03 - 13:49:23
Outputting files from DPX_PATH to list, if not already queued - 2023-10-03 - 13:49:23
DPX folder will be cooked: - 2023-10-03 - 13:49:23
N_036test_01of01 - 2023-10-03 - 13:49:23
===================== DPX RAWcook ENDED ===================== - 2023-10-03 - 13:49:23
============= DPX RAWcook script START ============= - 2023-10-05 - 10:16:44
Checking for files that failed RAWcooked due to large reversibility files - 2023-10-05 - 10:16:44
DPX folder will be cooked using --output-version 2: - 2023-10-05 - 10:16:44
============= DPX RAWcook script START ============= - 2023-10-05 - 10:17:59
Checking for files that failed RAWcooked due to large reversibility files - 2023-10-05 - 10:17:59
DPX folder will be cooked using --output-version 2: - 2023-10-05 - 10:17:59
============= DPX RAWcook script START ============= - 2023-10-05 - 10:18:08
Checking for files that failed RAWcooked due to large reversibility files - 2023-10-05 - 10:18:08
DPX folder will be cooked using --output-version 2: - 2023-10-05 - 10:18:08
============= DPX RAWcook script START ============= - 2023-10-05 - 10:34:05
Checking for files that failed RAWcooked due to large reversibility files - 2023-10-05 - 10:34:05
DPX folder will be cooked using --output-version 2: - 2023-10-05 - 10:34:05
============= DPX RAWcook script START ============= - 2023-10-05 - 10:38:14
Checking for files that failed RAWcooked due to large reversibility files - 2023-10-05 - 10:38:14
DPX folder will be cooked using --output-version 2: - 2023-10-05 - 10:38:14
Outputting files from DPX_PATH to list, if not already queued - 2023-10-05 - 10:38:14
DPX folder will be cooked: - 2023-10-05 - 10:38:14
N_036test_01of01 - 2023-10-05 - 10:38:14
===================== DPX RAWcook ENDED ===================== - 2023-10-05 - 10:38:15
============= DPX RAWcook script START ============= - 2023-10-05 - 10:39:15
Checking for files that failed RAWcooked due to large reversibility files - 2023-10-05 - 10:39:15
DPX folder will be cooked using --output-version 2: - 2023-10-05 - 10:39:15
Outputting files from DPX_PATH to list, if not already queued - 2023-10-05 - 10:39:15
DPX folder will be cooked: - 2023-10-05 - 10:39:15
N_036test_01of01 - 2023-10-05 - 10:39:15
===================== DPX RAWcook ENDED ===================== - 2023-10-05 - 10:39:15
============= DPX RAWcook script START ============= - 2023-10-05 - 11:13:12
Checking for files that failed RAWcooked due to large reversibility files - 2023-10-05 - 11:13:12
DPX folder will be cooked using --output-version 2: - 2023-10-05 - 11:13:12
============= DPX RAWcook script START ============= - 2023-10-05 - 11:16:55
Checking for files that failed RAWcooked due to large reversibility files - 2023-10-05 - 11:16:55
DPX folder will be cooked using --output-version 2: - 2023-10-05 - 11:16:55
============= DPX RAWcook script START ============= - 2023-10-05 - 11:16:59
Checking for files that failed RAWcooked due to large reversibility files - 2023-10-05 - 11:16:59
DPX folder will be cooked using --output-version 2: - 2023-10-05 - 11:16:59
Outputting files from DPX_PATH to list, if not already queued - 2023-10-05 - 11:16:59
DPX folder will be cooked: - 2023-10-05 - 11:16:59
N_036test_01of01 - 2023-10-05 - 11:16:59
===================== DPX RAWcook ENDED ===================== - 2023-10-05 - 11:16:59
============= DPX RAWcook script START ============= - 2023-10-05 - 11:19:08
Checking for files that failed RAWcooked due to large reversibility files - 2023-10-05 - 11:19:08
DPX folder will be cooked using --output-version 2: - 2023-10-05 - 11:19:08
Outputting files from DPX_PATH to list, if not already queued - 2023-10-05 - 11:19:08
DPX folder will be cooked: - 2023-10-05 - 11:19:08
N_036test_01of01 - 2023-10-05 - 11:19:08
===================== DPX RAWcook ENDED ===================== - 2023-10-05 - 11:19:08
============= DPX RAWcook script START ============= - 2023-10-05 - 11:27:42
Checking for files that failed RAWcooked due to large reversibility files - 2023-10-05 - 11:27:42
DPX folder will be cooked using --output-version 2: - 2023-10-05 - 11:27:42
Outputting files from DPX_PATH to list, if not already queued - 2023-10-05 - 11:27:42
DPX folder will be cooked: - 2023-10-05 - 11:27:42
N_036test_01of01 - 2023-10-05 - 11:27:42
============= DPX RAWcook script START ============= - 2023-10-05 - 11:29:13
Checking for files that failed RAWcooked due to large reversibility files - 2023-10-05 - 11:29:13
DPX folder will be cooked using --output-version 2: - 2023-10-05 - 11:29:13
Outputting files from DPX_PATH to list, if not already queued - 2023-10-05 - 11:29:13
DPX folder will be cooked: - 2023-10-05 - 11:29:13
N_036test_01of01 - 2023-10-05 - 11:29:13
============= DPX RAWcook script START ============= - 2023-10-05 - 11:30:15
Checking for files that failed RAWcooked due to large reversibility files - 2023-10-05 - 11:30:15
DPX folder will be cooked using --output-version 2: - 2023-10-05 - 11:30:15
Outputting files from DPX_PATH to list, if not already queued - 2023-10-05 - 11:30:15
DPX folder will be cooked: - 2023-10-05 - 11:30:15
N_036test_01of01 - 2023-10-05 - 11:30:15
============= DPX RAWcook script START ============= - 2023-10-05 - 11:34:41
Checking for files that failed RAWcooked due to large reversibility files - 2023-10-05 - 11:34:41
DPX folder will be cooked using --output-version 2: - 2023-10-05 - 11:34:41
Outputting files from DPX_PATH to list, if not already queued - 2023-10-05 - 11:34:41
DPX folder will be cooked: - 2023-10-05 - 11:34:41
N_036test_01of01 - 2023-10-05 - 11:34:41
============= DPX RAWcook script START ============= - 2023-10-05 - 11:34:57
Checking for files that failed RAWcooked due to large reversibility files - 2023-10-05 - 11:34:57
DPX folder will be cooked using --output-version 2: - 2023-10-05 - 11:34:57
Outputting files from DPX_PATH to list, if not already queued - 2023-10-05 - 11:34:57
DPX folder will be cooked: - 2023-10-05 - 11:34:57
N_036test_01of01 - 2023-10-05 - 11:34:57
============= DPX RAWcook script START ============= - 2023-10-05 - 11:38:56
Checking for files that failed RAWcooked due to large reversibility files - 2023-10-05 - 11:38:56
DPX folder will be cooked using --output-version 2: - 2023-10-05 - 11:38:56
Outputting files from DPX_PATH to list, if not already queued - 2023-10-05 - 11:38:56
DPX folder will be cooked: - 2023-10-05 - 11:38:56
N_036test_01of01 - 2023-10-05 - 11:38:56
============= DPX RAWcook script START ============= - 2023-10-05 - 11:39:13
Checking for files that failed RAWcooked due to large reversibility files - 2023-10-05 - 11:39:13
DPX folder will be cooked using --output-version 2: - 2023-10-05 - 11:39:13
Outputting files from DPX_PATH to list, if not already queued - 2023-10-05 - 11:39:13
DPX folder will be cooked: - 2023-10-05 - 11:39:13
N_036test_01of01 - 2023-10-05 - 11:39:13
===================== DPX RAWcook ENDED ===================== - 2023-10-05 - 11:39:14
>>>>>>> 46478dcb5553a2f1de30f312ab1937d6252a45b8
